  menu.cpp
C:\Users\kiele\source\repos\adsdsadasdasds\WITH TEXTURE\Tank wars\Bullet.h(42,26): warning C4244: 'argument': conversion from 'double' to 'float', possible loss of data
C:\Users\kiele\source\repos\adsdsadasdasds\WITH TEXTURE\Tank wars\Bullet.h(46,21): warning C4244: 'argument': conversion from 'double' to 'float', possible loss of data
C:\Users\kiele\source\repos\adsdsadasdasds\WITH TEXTURE\Tank wars\menu.cpp(133,30): warning C4244: 'argument': conversion from 'int' to 'T', possible loss of data
          with
          [
              T=float
          ]
C:\Users\kiele\source\repos\adsdsadasdasds\WITH TEXTURE\Tank wars\menu.cpp(133,26): warning C4244: 'argument': conversion from 'int' to 'T', possible loss of data
          with
          [
              T=float
          ]
C:\Users\kiele\source\repos\adsdsadasdasds\WITH TEXTURE\Tank wars\menu.cpp(136,30): warning C4244: 'argument': conversion from 'int' to 'T', possible loss of data
          with
          [
              T=float
          ]
C:\Users\kiele\source\repos\adsdsadasdasds\WITH TEXTURE\Tank wars\menu.cpp(136,26): warning C4244: 'argument': conversion from 'int' to 'T', possible loss of data
          with
          [
              T=float
          ]
C:\Users\kiele\source\repos\adsdsadasdasds\WITH TEXTURE\Tank wars\menu.cpp(139,30): warning C4244: 'argument': conversion from 'int' to 'T', possible loss of data
          with
          [
              T=float
          ]
C:\Users\kiele\source\repos\adsdsadasdasds\WITH TEXTURE\Tank wars\menu.cpp(139,26): warning C4244: 'argument': conversion from 'int' to 'T', possible loss of data
          with
          [
              T=float
          ]
C:\Users\kiele\source\repos\adsdsadasdasds\WITH TEXTURE\Tank wars\menu.cpp(144,30): warning C4244: 'argument': conversion from 'int' to 'T', possible loss of data
          with
          [
              T=float
          ]
C:\Users\kiele\source\repos\adsdsadasdasds\WITH TEXTURE\Tank wars\menu.cpp(144,26): warning C4244: 'argument': conversion from 'int' to 'T', possible loss of data
          with
          [
              T=float
          ]
C:\Users\kiele\source\repos\adsdsadasdasds\WITH TEXTURE\Tank wars\menu.cpp(154,47): warning C4244: 'argument': conversion from 'T' to 'float', possible loss of data
          with
          [
              T=int
          ]
C:\Users\kiele\source\repos\adsdsadasdasds\WITH TEXTURE\Tank wars\menu.cpp(154,35): warning C4244: 'argument': conversion from 'T' to 'float', possible loss of data
          with
          [
              T=int
          ]
C:\Users\kiele\source\repos\adsdsadasdasds\WITH TEXTURE\Tank wars\menu.cpp(182,28): warning C4244: 'argument': conversion from 'int' to 'T', possible loss of data
          with
          [
              T=float
          ]
C:\Users\kiele\source\repos\adsdsadasdasds\WITH TEXTURE\Tank wars\menu.cpp(182,24): warning C4244: 'argument': conversion from 'int' to 'T', possible loss of data
          with
          [
              T=float
          ]
C:\Users\kiele\source\repos\adsdsadasdasds\WITH TEXTURE\Tank wars\menu.cpp(187,28): warning C4244: 'argument': conversion from 'int' to 'T', possible loss of data
          with
          [
              T=float
          ]
C:\Users\kiele\source\repos\adsdsadasdasds\WITH TEXTURE\Tank wars\menu.cpp(187,24): warning C4244: 'argument': conversion from 'int' to 'T', possible loss of data
          with
          [
              T=float
          ]
C:\Users\kiele\source\repos\adsdsadasdasds\WITH TEXTURE\Tank wars\menu.cpp(192,28): warning C4244: 'argument': conversion from 'int' to 'T', possible loss of data
          with
          [
              T=float
          ]
C:\Users\kiele\source\repos\adsdsadasdasds\WITH TEXTURE\Tank wars\menu.cpp(192,24): warning C4244: 'argument': conversion from 'int' to 'T', possible loss of data
          with
          [
              T=float
          ]
C:\Users\kiele\source\repos\adsdsadasdasds\WITH TEXTURE\Tank wars\menu.cpp(198,28): warning C4244: 'argument': conversion from 'int' to 'T', possible loss of data
          with
          [
              T=float
          ]
C:\Users\kiele\source\repos\adsdsadasdasds\WITH TEXTURE\Tank wars\menu.cpp(198,24): warning C4244: 'argument': conversion from 'int' to 'T', possible loss of data
          with
          [
              T=float
          ]
  Tank wars.vcxproj -> C:\Users\kiele\source\repos\adsdsadasdasds\WITH TEXTURE\Debug\Tank wars.exe
